0 info it worked if it ends with ok
1 verbose cli [ 'C:\\Program Files\\nodejs\\node.exe',
1 verbose cli   'C:\\Users\\Janel\\AppData\\Roaming\\npm\\node_modules\\npm\\bin\\npm-cli.js',
1 verbose cli   'install' ]
2 info using npm@3.5.2
3 info using node@v6.9.1
4 silly loadCurrentTree Starting
5 silly install loadCurrentTree
6 silly install readLocalPackageData
7 silly install normalizeTree
8 silly loadCurrentTree Finishing
9 silly loadIdealTree Starting
10 silly install loadIdealTree
11 silly cloneCurrentTree Starting
12 silly install cloneCurrentTreeToIdealTree
13 silly cloneCurrentTree Finishing
14 silly loadShrinkwrap Starting
15 silly install loadShrinkwrap
16 silly loadShrinkwrap Finishing
17 silly loadAllDepsIntoIdealTree Starting
18 silly install loadAllDepsIntoIdealTree
19 silly fetchNamedPackageData jshint
20 silly mapToRegistry name jshint
21 silly mapToRegistry using default registry
22 silly mapToRegistry registry https://registry.npmjs.org/
23 silly mapToRegistry uri https://registry.npmjs.org/jshint
24 verbose request uri https://registry.npmjs.org/jshint
25 verbose request no auth needed
26 info attempt registry request try #1 at 9:58:36 PM
27 verbose request id 2c6fffac04a600e3
28 verbose etag W/"598444ae-1e1b1"
29 verbose lastModified Fri, 04 Aug 2017 09:55:58 GMT
30 http request GET https://registry.npmjs.org/jshint
31 http 304 https://registry.npmjs.org/jshint
32 verbose headers { date: 'Tue, 15 Aug 2017 04:58:40 GMT',
32 verbose headers   via: '1.1 varnish',
32 verbose headers   'cache-control': 'max-age=300',
32 verbose headers   etag: 'W/"598444ae-1e1b1"',
32 verbose headers   age: '198',
32 verbose headers   connection: 'keep-alive',
32 verbose headers   'x-served-by': 'cache-sjc3120-SJC',
32 verbose headers   'x-cache': 'HIT',
32 verbose headers   'x-cache-hits': '2',
32 verbose headers   'x-timer': 'S1502773120.494827,VS0,VE0',
32 verbose headers   vary: 'Accept-Encoding, Accept' }
33 silly get cb [ 304,
33 silly get   { date: 'Tue, 15 Aug 2017 04:58:40 GMT',
33 silly get     via: '1.1 varnish',
33 silly get     'cache-control': 'max-age=300',
33 silly get     etag: 'W/"598444ae-1e1b1"',
33 silly get     age: '198',
33 silly get     connection: 'keep-alive',
33 silly get     'x-served-by': 'cache-sjc3120-SJC',
33 silly get     'x-cache': 'HIT',
33 silly get     'x-cache-hits': '2',
33 silly get     'x-timer': 'S1502773120.494827,VS0,VE0',
33 silly get     vary: 'Accept-Encoding, Accept' } ]
34 verbose etag https://registry.npmjs.org/jshint from cache
35 verbose get saving jshint to C:\Users\Janel\AppData\Roaming\npm-cache\registry.npmjs.org\jshint\.cache.json
36 silly resolveWithNewModule jshint@2.9.5 checking installable status
37 silly cache add args [ 'jshint@^2.9.4', null ]
38 verbose cache add spec jshint@^2.9.4
39 silly cache add parsed spec Result {
39 silly cache add   raw: 'jshint@^2.9.4',
39 silly cache add   scope: null,
39 silly cache add   name: 'jshint',
39 silly cache add   rawSpec: '^2.9.4',
39 silly cache add   spec: '>=2.9.4 <3.0.0',
39 silly cache add   type: 'range' }
40 silly addNamed jshint@>=2.9.4 <3.0.0
41 verbose addNamed ">=2.9.4 <3.0.0" is a valid semver range for jshint
42 silly addNameRange { name: 'jshint', range: '>=2.9.4 <3.0.0', hasData: false }
43 silly mapToRegistry name jshint
44 silly mapToRegistry using default registry
45 silly mapToRegistry registry https://registry.npmjs.org/
46 silly mapToRegistry uri https://registry.npmjs.org/jshint
47 verbose addNameRange registry:https://registry.npmjs.org/jshint not in flight; fetching
48 verbose get https://registry.npmjs.org/jshint not expired, no request
49 silly addNameRange number 2 { name: 'jshint', range: '>=2.9.4 <3.0.0', hasData: true }
50 silly addNameRange versions [ 'jshint',
50 silly addNameRange   [ '0.1.8',
50 silly addNameRange     '0.1.9',
50 silly addNameRange     '0.2.0',
50 silly addNameRange     '0.2.1',
50 silly addNameRange     '0.2.2',
50 silly addNameRange     '0.2.3',
50 silly addNameRange     '0.3.0',
50 silly addNameRange     '0.3.1',
50 silly addNameRange     '0.4.0',
50 silly addNameRange     '0.5.0',
50 silly addNameRange     '0.5.1',
50 silly addNameRange     '0.5.2',
50 silly addNameRange     '0.5.3',
50 silly addNameRange     '0.5.4',
50 silly addNameRange     '0.5.5',
50 silly addNameRange     '0.5.6',
50 silly addNameRange     '0.5.7',
50 silly addNameRange     '0.5.8',
50 silly addNameRange     '0.5.9',
50 silly addNameRange     '0.6.0',
50 silly addNameRange     '0.6.1',
50 silly addNameRange     '0.6.2',
50 silly addNameRange     '0.6.3',
50 silly addNameRange     '0.7.0',
50 silly addNameRange     '0.7.1',
50 silly addNameRange     '0.7.2',
50 silly addNameRange     '0.7.3',
50 silly addNameRange     '0.8.0',
50 silly addNameRange     '0.8.1',
50 silly addNameRange     '0.8.2',
50 silly addNameRange     '0.9.0',
50 silly addNameRange     '0.9.1',
50 silly addNameRange     '1.0.0',
50 silly addNameRange     '1.1.0',
50 silly addNameRange     '2.0.0',
50 silly addNameRange     '2.0.1',
50 silly addNameRange     '2.1.0',
50 silly addNameRange     '2.1.1',
50 silly addNameRange     '2.1.2',
50 silly addNameRange     '2.1.3',
50 silly addNameRange     '2.1.4',
50 silly addNameRange     '2.1.5',
50 silly addNameRange     '2.1.6',
50 silly addNameRange     '2.1.7',
50 silly addNameRange     '2.1.8',
50 silly addNameRange     '2.1.9',
50 silly addNameRange     '2.1.10',
50 silly addNameRange     '2.1.11',
50 silly addNameRange     '2.2.0',
50 silly addNameRange     '2.3.0',
50 silly addNameRange     '2.4.0',
50 silly addNameRange     '2.4.1',
50 silly addNameRange     '2.4.2',
50 silly addNameRange     '2.4.3',
50 silly addNameRange     '2.4.4',
50 silly addNameRange     '2.5.0',
50 silly addNameRange     '2.5.1',
50 silly addNameRange     '2.5.2',
50 silly addNameRange     '2.5.3',
50 silly addNameRange     '2.5.4',
50 silly addNameRange     '2.5.5',
50 silly addNameRange     '2.5.6',
50 silly addNameRange     '2.5.7',
50 silly addNameRange     '2.5.8',
50 silly addNameRange     '2.5.9',
50 silly addNameRange     '2.5.10',
50 silly addNameRange     '2.5.11',
50 silly addNameRange     '2.6.0',
50 silly addNameRange     '2.6.1',
50 silly addNameRange     '2.6.2',
50 silly addNameRange     '2.6.3',
50 silly addNameRange     '2.7.0',
50 silly addNameRange     '2.8.0',
50 silly addNameRange     '2.9.1-rc1',
50 silly addNameRange     '2.9.1-rc2',
50 silly addNameRange     '2.9.1-rc3',
50 silly addNameRange     '2.9.1',
50 silly addNameRange     '2.9.2',
50 silly addNameRange     '2.9.3',
50 silly addNameRange     '2.9.4',
50 silly addNameRange     '2.9.5' ] ]
51 silly addNamed jshint@2.9.5
52 verbose addNamed "2.9.5" is a plain semver version for jshint
53 silly cache afterAdd jshint@2.9.5
54 verbose afterAdd C:\Users\Janel\AppData\Roaming\npm-cache\jshint\2.9.5\package\package.json not in flight; writing
55 verbose afterAdd C:\Users\Janel\AppData\Roaming\npm-cache\jshint\2.9.5\package\package.json written
56 silly fetchNamedPackageData lodash
57 silly mapToRegistry name lodash
58 silly mapToRegistry using default registry
59 silly mapToRegistry registry https://registry.npmjs.org/
60 silly mapToRegistry uri https://registry.npmjs.org/lodash
61 verbose request uri https://registry.npmjs.org/lodash
62 verbose request no auth needed
63 info attempt registry request try #1 at 9:58:37 PM
64 verbose etag W/"59920adf-29a8e"
65 verbose lastModified Mon, 14 Aug 2017 20:41:03 GMT
66 http request GET https://registry.npmjs.org/lodash
67 http 304 https://registry.npmjs.org/lodash
68 verbose headers { date: 'Tue, 15 Aug 2017 04:58:40 GMT',
68 verbose headers   via: '1.1 varnish',
68 verbose headers   'cache-control': 'max-age=300',
68 verbose headers   etag: 'W/"59920adf-29a8e"',
68 verbose headers   age: '33',
68 verbose headers   connection: 'keep-alive',
68 verbose headers   'x-served-by': 'cache-sjc3120-SJC',
68 verbose headers   'x-cache': 'HIT',
68 verbose headers   'x-cache-hits': '3',
68 verbose headers   'x-timer': 'S1502773121.816208,VS0,VE0',
68 verbose headers   vary: 'Accept-Encoding, Accept' }
69 silly get cb [ 304,
69 silly get   { date: 'Tue, 15 Aug 2017 04:58:40 GMT',
69 silly get     via: '1.1 varnish',
69 silly get     'cache-control': 'max-age=300',
69 silly get     etag: 'W/"59920adf-29a8e"',
69 silly get     age: '33',
69 silly get     connection: 'keep-alive',
69 silly get     'x-served-by': 'cache-sjc3120-SJC',
69 silly get     'x-cache': 'HIT',
69 silly get     'x-cache-hits': '3',
69 silly get     'x-timer': 'S1502773121.816208,VS0,VE0',
69 silly get     vary: 'Accept-Encoding, Accept' } ]
70 verbose etag https://registry.npmjs.org/lodash from cache
71 verbose get saving lodash to C:\Users\Janel\AppData\Roaming\npm-cache\registry.npmjs.org\lodash\.cache.json
72 silly resolveWithNewModule lodash@3.7.0 checking installable status
73 silly cache add args [ 'lodash@3.7.x', null ]
74 verbose cache add spec lodash@3.7.x
75 silly cache add parsed spec Result {
75 silly cache add   raw: 'lodash@3.7.x',
75 silly cache add   scope: null,
75 silly cache add   name: 'lodash',
75 silly cache add   rawSpec: '3.7.x',
75 silly cache add   spec: '>=3.7.0 <3.8.0',
75 silly cache add   type: 'range' }
76 silly addNamed lodash@>=3.7.0 <3.8.0
77 verbose addNamed ">=3.7.0 <3.8.0" is a valid semver range for lodash
78 silly addNameRange { name: 'lodash', range: '>=3.7.0 <3.8.0', hasData: false }
79 silly mapToRegistry name lodash
80 silly mapToRegistry using default registry
81 silly mapToRegistry registry https://registry.npmjs.org/
82 silly mapToRegistry uri https://registry.npmjs.org/lodash
83 verbose addNameRange registry:https://registry.npmjs.org/lodash not in flight; fetching
84 verbose get https://registry.npmjs.org/lodash not expired, no request
85 silly addNameRange number 2 { name: 'lodash', range: '>=3.7.0 <3.8.0', hasData: true }
86 silly addNameRange versions [ 'lodash',
86 silly addNameRange   [ '0.1.0',
86 silly addNameRange     '0.2.0',
86 silly addNameRange     '0.2.1',
86 silly addNameRange     '0.2.2',
86 silly addNameRange     '0.3.0',
86 silly addNameRange     '0.3.1',
86 silly addNameRange     '0.3.2',
86 silly addNameRange     '0.4.0',
86 silly addNameRange     '0.4.1',
86 silly addNameRange     '0.4.2',
86 silly addNameRange     '0.5.0-rc.1',
86 silly addNameRange     '0.5.0',
86 silly addNameRange     '0.5.1',
86 silly addNameRange     '0.5.2',
86 silly addNameRange     '0.6.0',
86 silly addNameRange     '0.6.1',
86 silly addNameRange     '0.7.0',
86 silly addNameRange     '0.8.0',
86 silly addNameRange     '0.8.1',
86 silly addNameRange     '0.8.2',
86 silly addNameRange     '0.9.0',
86 silly addNameRange     '0.9.1',
86 silly addNameRange     '0.9.2',
86 silly addNameRange     '0.10.0',
86 silly addNameRange     '1.0.0-rc.1',
86 silly addNameRange     '1.0.0-rc.2',
86 silly addNameRange     '1.0.0-rc.3',
86 silly addNameRange     '1.0.0',
86 silly addNameRange     '1.0.1',
86 silly addNameRange     '1.1.0',
86 silly addNameRange     '1.1.1',
86 silly addNameRange     '1.2.0',
86 silly addNameRange     '1.2.1',
86 silly addNameRange     '1.3.0',
86 silly addNameRange     '1.3.1',
86 silly addNameRange     '2.0.0',
86 silly addNameRange     '2.1.0',
86 silly addNameRange     '2.2.0',
86 silly addNameRange     '2.2.1',
86 silly addNameRange     '2.3.0',
86 silly addNameRange     '2.4.0',
86 silly addNameRange     '2.4.1',
86 silly addNameRange     '3.0.0',
86 silly addNameRange     '3.0.1',
86 silly addNameRange     '3.1.0',
86 silly addNameRange     '3.2.0',
86 silly addNameRange     '3.3.0',
86 silly addNameRange     '3.3.1',
86 silly addNameRange     '3.4.0',
86 silly addNameRange     '3.5.0',
86 silly addNameRange     '3.6.0',
86 silly addNameRange     '1.0.2',
86 silly addNameRange     '3.7.0',
86 silly addNameRange     '2.4.2',
86 silly addNameRange     '3.8.0',
86 silly addNameRange     '3.9.0',
86 silly addNameRange     '3.9.1',
86 silly addNameRange     '3.9.2',
86 silly addNameRange     '3.9.3',
86 silly addNameRange     '3.10.0',
86 silly addNameRange     '3.10.1',
86 silly addNameRange     '4.0.0',
86 silly addNameRange     '4.0.1',
86 silly addNameRange     '4.1.0',
86 silly addNameRange     '4.2.0',
86 silly addNameRange     '4.2.1',
86 silly addNameRange     '4.3.0',
86 silly addNameRange     '4.4.0',
86 silly addNameRange     '4.5.0',
86 silly addNameRange     '4.5.1',
86 silly addNameRange     '4.6.0',
86 silly addNameRange     '4.6.1',
86 silly addNameRange     '4.7.0',
86 silly addNameRange     '4.8.0',
86 silly addNameRange     '4.8.1',
86 silly addNameRange     '4.8.2',
86 silly addNameRange     '4.9.0',
86 silly addNameRange     '4.10.0',
86 silly addNameRange     '4.11.0',
86 silly addNameRange     '4.11.1',
86 silly addNameRange     '4.11.2',
86 silly addNameRange     '4.12.0',
86 silly addNameRange     '4.13.0',
86 silly addNameRange     '4.13.1',
86 silly addNameRange     '4.14.0',
86 silly addNameRange     '4.14.1',
86 silly addNameRange     '4.14.2',
86 silly addNameRange     '4.15.0',
86 silly addNameRange     '4.16.0',
86 silly addNameRange     '4.16.1',
86 silly addNameRange     '4.16.2',
86 silly addNameRange     '4.16.3',
86 silly addNameRange     '4.16.4',
86 silly addNameRange     '4.16.5',
86 silly addNameRange     '4.16.6',
86 silly addNameRange     '4.17.0',
86 silly addNameRange     '4.17.1',
86 silly addNameRange     '4.17.2',
86 silly addNameRange     '4.17.3',
86 silly addNameRange     '4.17.4' ] ]
87 silly addNamed lodash@3.7.0
88 verbose addNamed "3.7.0" is a plain semver version for lodash
89 silly cache afterAdd lodash@3.7.0
90 verbose afterAdd C:\Users\Janel\AppData\Roaming\npm-cache\lodash\3.7.0\package\package.json not in flight; writing
91 verbose afterAdd C:\Users\Janel\AppData\Roaming\npm-cache\lodash\3.7.0\package\package.json written
92 silly loadAllDepsIntoIdealTree Finishing
93 silly idealTree:prePrune downToMeetUp@1.0.0
93 silly idealTree:prePrune ├── accepts@1.3.3
93 silly idealTree:prePrune ├── ajv@4.11.8
93 silly idealTree:prePrune ├── angular-animate@1.6.5
93 silly idealTree:prePrune ├── angular-aria@1.6.5
93 silly idealTree:prePrune ├── angular-material@1.1.4
93 silly idealTree:prePrune ├── angular-messages@1.6.5
93 silly idealTree:prePrune ├── angular-mocks@1.6.5
93 silly idealTree:prePrune ├── angular-resource@1.6.5
93 silly idealTree:prePrune ├── angular-route@1.6.5
93 silly idealTree:prePrune ├── angular-sanitize@1.6.5
93 silly idealTree:prePrune ├── angular@1.6.5
93 silly idealTree:prePrune ├── append-field@0.1.0
93 silly idealTree:prePrune ├── array-flatten@1.1.1
93 silly idealTree:prePrune ├── asn1@0.2.3
93 silly idealTree:prePrune ├── assert-plus@0.2.0
93 silly idealTree:prePrune ├── async@1.5.2
93 silly idealTree:prePrune ├── asynckit@0.4.0
93 silly idealTree:prePrune ├── aws-sign2@0.6.0
93 silly idealTree:prePrune ├── aws4@1.6.0
93 silly idealTree:prePrune ├── balanced-match@1.0.0
93 silly idealTree:prePrune ├── base64url@2.0.0
93 silly idealTree:prePrune ├── bcrypt-pbkdf@1.0.1
93 silly idealTree:prePrune ├── bluebird@2.10.2
93 silly idealTree:prePrune ├─┬ body-parser@1.17.2
93 silly idealTree:prePrune │ └── debug@2.6.7
93 silly idealTree:prePrune ├── boom@2.10.1
93 silly idealTree:prePrune ├── brace-expansion@1.1.8
93 silly idealTree:prePrune ├── bson@1.0.4
93 silly idealTree:prePrune ├── buffer-equal-constant-time@1.0.1
93 silly idealTree:prePrune ├── buffer-shims@1.0.0
93 silly idealTree:prePrune ├─┬ busboy@0.2.14
93 silly idealTree:prePrune │ ├── isarray@0.0.1
93 silly idealTree:prePrune │ ├── readable-stream@1.1.14
93 silly idealTree:prePrune │ └── string_decoder@0.10.31
93 silly idealTree:prePrune ├── bytes@2.4.0
93 silly idealTree:prePrune ├── caseless@0.12.0
93 silly idealTree:prePrune ├── cli@1.0.1
93 silly idealTree:prePrune ├── co@4.6.0
93 silly idealTree:prePrune ├── combined-stream@1.0.5
93 silly idealTree:prePrune ├── concat-map@0.0.1
93 silly idealTree:prePrune ├── concat-stream@1.6.0
93 silly idealTree:prePrune ├── console-browserify@1.1.0
93 silly idealTree:prePrune ├── content-disposition@0.5.2
93 silly idealTree:prePrune ├── content-type@1.0.2
93 silly idealTree:prePrune ├── cookie-signature@1.0.6
93 silly idealTree:prePrune ├── cookie@0.3.1
93 silly idealTree:prePrune ├── core-util-is@1.0.2
93 silly idealTree:prePrune ├── crc@3.4.4
93 silly idealTree:prePrune ├── cryptiles@2.0.5
93 silly idealTree:prePrune ├─┬ dashdash@1.14.1
93 silly idealTree:prePrune │ └── assert-plus@1.0.0
93 silly idealTree:prePrune ├── date-now@0.1.4
93 silly idealTree:prePrune ├── debug@2.6.8
93 silly idealTree:prePrune ├── delayed-stream@1.0.0
93 silly idealTree:prePrune ├── depd@1.1.1
93 silly idealTree:prePrune ├── destroy@1.0.4
93 silly idealTree:prePrune ├─┬ dicer@0.2.5
93 silly idealTree:prePrune │ ├── isarray@0.0.1
93 silly idealTree:prePrune │ ├── readable-stream@1.1.14
93 silly idealTree:prePrune │ └── string_decoder@0.10.31
93 silly idealTree:prePrune ├─┬ dom-serializer@0.1.0
93 silly idealTree:prePrune │ ├── domelementtype@1.1.3
93 silly idealTree:prePrune │ └── entities@1.1.1
93 silly idealTree:prePrune ├── domelementtype@1.3.0
93 silly idealTree:prePrune ├── domhandler@2.3.0
93 silly idealTree:prePrune ├── domutils@1.5.1
93 silly idealTree:prePrune ├── ecc-jsbn@0.1.1
93 silly idealTree:prePrune ├── ecdsa-sig-formatter@1.0.9
93 silly idealTree:prePrune ├── ee-first@1.1.1
93 silly idealTree:prePrune ├── encodeurl@1.0.1
93 silly idealTree:prePrune ├── entities@1.0.0
93 silly idealTree:prePrune ├── es6-promise@3.2.1
93 silly idealTree:prePrune ├── escape-html@1.0.3
93 silly idealTree:prePrune ├── etag@1.8.0
93 silly idealTree:prePrune ├── exit@0.1.2
93 silly idealTree:prePrune ├── express-session@1.15.4
93 silly idealTree:prePrune ├─┬ express@4.15.3
93 silly idealTree:prePrune │ └── debug@2.6.7
93 silly idealTree:prePrune ├── extend@3.0.1
93 silly idealTree:prePrune ├── extsprintf@1.3.0
93 silly idealTree:prePrune ├── faker@3.1.0
93 silly idealTree:prePrune ├─┬ finalhandler@1.0.3
93 silly idealTree:prePrune │ └── debug@2.6.7
93 silly idealTree:prePrune ├── forever-agent@0.6.1
93 silly idealTree:prePrune ├── form-data@2.1.4
93 silly idealTree:prePrune ├── forwarded@0.1.0
93 silly idealTree:prePrune ├── fresh@0.5.0
93 silly idealTree:prePrune ├── fs.realpath@1.0.0
93 silly idealTree:prePrune ├── fullcalendar-scheduler@1.6.2
93 silly idealTree:prePrune ├── fullcalendar@3.4.0
93 silly idealTree:prePrune ├─┬ getpass@0.1.7
93 silly idealTree:prePrune │ └── assert-plus@1.0.0
93 silly idealTree:prePrune ├── glob@7.1.2
93 silly idealTree:prePrune ├── google-auth-library@0.10.0
93 silly idealTree:prePrune ├── google-p12-pem@0.1.2
93 silly idealTree:prePrune ├─┬ googleapis@20.1.0
93 silly idealTree:prePrune │ └── async@2.3.0
93 silly idealTree:prePrune ├── gtoken@1.2.2
93 silly idealTree:prePrune ├── har-schema@1.0.5
93 silly idealTree:prePrune ├── har-validator@4.2.1
93 silly idealTree:prePrune ├── hawk@3.1.3
93 silly idealTree:prePrune ├── hoek@2.16.3
93 silly idealTree:prePrune ├── hooks-fixed@2.0.0
93 silly idealTree:prePrune ├─┬ htmlparser2@3.8.3
93 silly idealTree:prePrune │ ├── isarray@0.0.1
93 silly idealTree:prePrune │ ├── readable-stream@1.1.14
93 silly idealTree:prePrune │ └── string_decoder@0.10.31
93 silly idealTree:prePrune ├─┬ http-errors@1.6.1
93 silly idealTree:prePrune │ └── depd@1.1.0
93 silly idealTree:prePrune ├── http-signature@1.1.1
93 silly idealTree:prePrune ├── iconv-lite@0.4.15
93 silly idealTree:prePrune ├── inflight@1.0.6
93 silly idealTree:prePrune ├── inherits@2.0.3
93 silly idealTree:prePrune ├── ipaddr.js@1.4.0
93 silly idealTree:prePrune ├── is-typedarray@1.0.0
93 silly idealTree:prePrune ├── isarray@1.0.0
93 silly idealTree:prePrune ├── isstream@0.1.2
93 silly idealTree:prePrune ├── jquery@3.2.1
93 silly idealTree:prePrune ├── jsbn@0.1.1
93 silly idealTree:prePrune ├─┬ jshint@2.9.5
93 silly idealTree:prePrune │ └── lodash@3.7.0
93 silly idealTree:prePrune ├── json-schema@0.2.3
93 silly idealTree:prePrune ├── json-stable-stringify@1.0.1
93 silly idealTree:prePrune ├── json-stringify-safe@5.0.1
93 silly idealTree:prePrune ├── jsonify@0.0.0
93 silly idealTree:prePrune ├─┬ jsprim@1.4.1
93 silly idealTree:prePrune │ └── assert-plus@1.0.0
93 silly idealTree:prePrune ├── jwa@1.1.5
93 silly idealTree:prePrune ├── jws@3.1.4
93 silly idealTree:prePrune ├── kareem@1.5.0
93 silly idealTree:prePrune ├── lodash.noop@3.0.1
93 silly idealTree:prePrune ├── lodash@4.17.4
93 silly idealTree:prePrune ├── media-typer@0.3.0
93 silly idealTree:prePrune ├── merge-descriptors@1.0.1
93 silly idealTree:prePrune ├── methods@1.1.2
93 silly idealTree:prePrune ├── mime-db@1.29.0
93 silly idealTree:prePrune ├── mime-types@2.1.16
93 silly idealTree:prePrune ├── mime@1.3.4
93 silly idealTree:prePrune ├── minimatch@3.0.4
93 silly idealTree:prePrune ├── minimist@0.0.8
93 silly idealTree:prePrune ├── mkdirp@0.5.1
93 silly idealTree:prePrune ├── moment@2.18.1
93 silly idealTree:prePrune ├── mongodb-core@2.1.11
93 silly idealTree:prePrune ├── mongodb@2.2.27
93 silly idealTree:prePrune ├─┬ mongoose@4.11.5
93 silly idealTree:prePrune │ └── async@2.1.4
93 silly idealTree:prePrune ├── mpath@0.3.0
93 silly idealTree:prePrune ├── mpromise@0.5.5
93 silly idealTree:prePrune ├─┬ mquery@2.3.1
93 silly idealTree:prePrune │ └── sliced@0.0.5
93 silly idealTree:prePrune ├── ms@2.0.0
93 silly idealTree:prePrune ├── multer@1.3.0
93 silly idealTree:prePrune ├── muri@1.2.2
93 silly idealTree:prePrune ├── negotiator@0.6.1
93 silly idealTree:prePrune ├── ng-dialog@1.4.0
93 silly idealTree:prePrune ├── node-forge@0.7.1
93 silly idealTree:prePrune ├── oauth-sign@0.8.2
93 silly idealTree:prePrune ├── object-assign@3.0.0
93 silly idealTree:prePrune ├── on-finished@2.3.0
93 silly idealTree:prePrune ├── on-headers@1.0.1
93 silly idealTree:prePrune ├── once@1.4.0
93 silly idealTree:prePrune ├── parseurl@1.3.1
93 silly idealTree:prePrune ├── path-is-absolute@1.0.1
93 silly idealTree:prePrune ├── path-to-regexp@0.1.7
93 silly idealTree:prePrune ├── performance-now@0.2.0
93 silly idealTree:prePrune ├── process-nextick-args@1.0.7
93 silly idealTree:prePrune ├── proxy-addr@1.1.5
93 silly idealTree:prePrune ├── punycode@1.4.1
93 silly idealTree:prePrune ├── qs@6.4.0
93 silly idealTree:prePrune ├── random-bytes@1.0.0
93 silly idealTree:prePrune ├── range-parser@1.2.0
93 silly idealTree:prePrune ├── raw-body@2.2.0
93 silly idealTree:prePrune ├── readable-stream@2.2.7
93 silly idealTree:prePrune ├── regexp-clone@0.0.1
93 silly idealTree:prePrune ├── request@2.81.0
93 silly idealTree:prePrune ├── require_optional@1.0.1
93 silly idealTree:prePrune ├── resolve-from@2.0.0
93 silly idealTree:prePrune ├── safe-buffer@5.1.1
93 silly idealTree:prePrune ├── semver@5.4.1
93 silly idealTree:prePrune ├─┬ send@0.15.3
93 silly idealTree:prePrune │ └── debug@2.6.7
93 silly idealTree:prePrune ├── serve-static@1.12.3
93 silly idealTree:prePrune ├── setprototypeof@1.0.3
93 silly idealTree:prePrune ├── shelljs@0.3.0
93 silly idealTree:prePrune ├── sliced@1.0.1
93 silly idealTree:prePrune ├── sntp@1.0.9
93 silly idealTree:prePrune ├─┬ sshpk@1.13.1
93 silly idealTree:prePrune │ └── assert-plus@1.0.0
93 silly idealTree:prePrune ├── statuses@1.3.1
93 silly idealTree:prePrune ├── streamsearch@0.1.2
93 silly idealTree:prePrune ├── string_decoder@1.0.3
93 silly idealTree:prePrune ├── string-template@1.0.0
93 silly idealTree:prePrune ├── stringstream@0.0.5
93 silly idealTree:prePrune ├── strip-json-comments@1.0.4
93 silly idealTree:prePrune ├── tough-cookie@2.3.2
93 silly idealTree:prePrune ├── tunnel-agent@0.6.0
93 silly idealTree:prePrune ├── tweetnacl@0.14.5
93 silly idealTree:prePrune ├── type-is@1.6.15
93 silly idealTree:prePrune ├── typedarray@0.0.6
93 silly idealTree:prePrune ├── uid-safe@2.1.4
93 silly idealTree:prePrune ├── unpipe@1.0.0
93 silly idealTree:prePrune ├── util-deprecate@1.0.2
93 silly idealTree:prePrune ├── utils-merge@1.0.0
93 silly idealTree:prePrune ├── uuid@3.1.0
93 silly idealTree:prePrune ├── vary@1.1.1
93 silly idealTree:prePrune ├─┬ verror@1.10.0
93 silly idealTree:prePrune │ └── assert-plus@1.0.0
93 silly idealTree:prePrune ├── wrappy@1.0.2
93 silly idealTree:prePrune └── xtend@4.0.1
94 silly loadIdealTree Finishing
95 silly currentTree downToMeetUp@1.0.0
95 silly currentTree ├── accepts@1.3.3
95 silly currentTree ├── ajv@4.11.8
95 silly currentTree ├── angular-animate@1.6.5
95 silly currentTree ├── angular-aria@1.6.5
95 silly currentTree ├── angular-material@1.1.4
95 silly currentTree ├── angular-messages@1.6.5
95 silly currentTree ├── angular-mocks@1.6.5
95 silly currentTree ├── angular-resource@1.6.5
95 silly currentTree ├── angular-route@1.6.5
95 silly currentTree ├── angular-sanitize@1.6.5
95 silly currentTree ├── angular@1.6.5
95 silly currentTree ├── append-field@0.1.0
95 silly currentTree ├── array-flatten@1.1.1
95 silly currentTree ├── asn1@0.2.3
95 silly currentTree ├── assert-plus@0.2.0
95 silly currentTree ├── async@1.5.2
95 silly currentTree ├── asynckit@0.4.0
95 silly currentTree ├── aws-sign2@0.6.0
95 silly currentTree ├── aws4@1.6.0
95 silly currentTree ├── balanced-match@1.0.0
95 silly currentTree ├── base64url@2.0.0
95 silly currentTree ├── bcrypt-pbkdf@1.0.1
95 silly currentTree ├── bluebird@2.10.2
95 silly currentTree ├─┬ body-parser@1.17.2
95 silly currentTree │ └── debug@2.6.7
95 silly currentTree ├── boom@2.10.1
95 silly currentTree ├── brace-expansion@1.1.8
95 silly currentTree ├── bson@1.0.4
95 silly currentTree ├── buffer-equal-constant-time@1.0.1
95 silly currentTree ├── buffer-shims@1.0.0
95 silly currentTree ├─┬ busboy@0.2.14
95 silly currentTree │ ├── isarray@0.0.1
95 silly currentTree │ ├── readable-stream@1.1.14
95 silly currentTree │ └── string_decoder@0.10.31
95 silly currentTree ├── bytes@2.4.0
95 silly currentTree ├── caseless@0.12.0
95 silly currentTree ├── cli@1.0.1
95 silly currentTree ├── co@4.6.0
95 silly currentTree ├── combined-stream@1.0.5
95 silly currentTree ├── concat-map@0.0.1
95 silly currentTree ├── concat-stream@1.6.0
95 silly currentTree ├── console-browserify@1.1.0
95 silly currentTree ├── content-disposition@0.5.2
95 silly currentTree ├── content-type@1.0.2
95 silly currentTree ├── cookie-signature@1.0.6
95 silly currentTree ├── cookie@0.3.1
95 silly currentTree ├── core-util-is@1.0.2
95 silly currentTree ├── crc@3.4.4
95 silly currentTree ├── cryptiles@2.0.5
95 silly currentTree ├─┬ dashdash@1.14.1
95 silly currentTree │ └── assert-plus@1.0.0
95 silly currentTree ├── date-now@0.1.4
95 silly currentTree ├── debug@2.6.8
95 silly currentTree ├── delayed-stream@1.0.0
95 silly currentTree ├── depd@1.1.1
95 silly currentTree ├── destroy@1.0.4
95 silly currentTree ├─┬ dicer@0.2.5
95 silly currentTree │ ├── isarray@0.0.1
95 silly currentTree │ ├── readable-stream@1.1.14
95 silly currentTree │ └── string_decoder@0.10.31
95 silly currentTree ├─┬ dom-serializer@0.1.0
95 silly currentTree │ ├── domelementtype@1.1.3
95 silly currentTree │ └── entities@1.1.1
95 silly currentTree ├── domelementtype@1.3.0
95 silly currentTree ├── domhandler@2.3.0
95 silly currentTree ├── domutils@1.5.1
95 silly currentTree ├── ecc-jsbn@0.1.1
95 silly currentTree ├── ecdsa-sig-formatter@1.0.9
95 silly currentTree ├── ee-first@1.1.1
95 silly currentTree ├── encodeurl@1.0.1
95 silly currentTree ├── entities@1.0.0
95 silly currentTree ├── es6-promise@3.2.1
95 silly currentTree ├── escape-html@1.0.3
95 silly currentTree ├── etag@1.8.0
95 silly currentTree ├── exit@0.1.2
95 silly currentTree ├── express-session@1.15.4
95 silly currentTree ├─┬ express@4.15.3
95 silly currentTree │ └── debug@2.6.7
95 silly currentTree ├── extend@3.0.1
95 silly currentTree ├── extsprintf@1.3.0
95 silly currentTree ├── faker@3.1.0
95 silly currentTree ├─┬ finalhandler@1.0.3
95 silly currentTree │ └── debug@2.6.7
95 silly currentTree ├── forever-agent@0.6.1
95 silly currentTree ├── form-data@2.1.4
95 silly currentTree ├── forwarded@0.1.0
95 silly currentTree ├── fresh@0.5.0
95 silly currentTree ├── fs.realpath@1.0.0
95 silly currentTree ├── fullcalendar-scheduler@1.6.2
95 silly currentTree ├── fullcalendar@3.4.0
95 silly currentTree ├─┬ getpass@0.1.7
95 silly currentTree │ └── assert-plus@1.0.0
95 silly currentTree ├── glob@7.1.2
95 silly currentTree ├── google-auth-library@0.10.0
95 silly currentTree ├── google-p12-pem@0.1.2
95 silly currentTree ├─┬ googleapis@20.1.0
95 silly currentTree │ └── async@2.3.0
95 silly currentTree ├── gtoken@1.2.2
95 silly currentTree ├── har-schema@1.0.5
95 silly currentTree ├── har-validator@4.2.1
95 silly currentTree ├── hawk@3.1.3
95 silly currentTree ├── hoek@2.16.3
95 silly currentTree ├── hooks-fixed@2.0.0
95 silly currentTree ├─┬ htmlparser2@3.8.3
95 silly currentTree │ ├── isarray@0.0.1
95 silly currentTree │ ├── readable-stream@1.1.14
95 silly currentTree │ └── string_decoder@0.10.31
95 silly currentTree ├─┬ http-errors@1.6.1
95 silly currentTree │ └── depd@1.1.0
95 silly currentTree ├── http-signature@1.1.1
95 silly currentTree ├── iconv-lite@0.4.15
95 silly currentTree ├── inflight@1.0.6
95 silly currentTree ├── inherits@2.0.3
95 silly currentTree ├── ipaddr.js@1.4.0
95 silly currentTree ├── is-typedarray@1.0.0
95 silly currentTree ├── isarray@1.0.0
95 silly currentTree ├── isstream@0.1.2
95 silly currentTree ├── jquery@3.2.1
95 silly currentTree ├── jsbn@0.1.1
95 silly currentTree ├─┬ jshint
95 silly currentTree │ └── lodash@3.7.0
95 silly currentTree ├── json-schema@0.2.3
95 silly currentTree ├── json-stable-stringify@1.0.1
95 silly currentTree ├── json-stringify-safe@5.0.1
95 silly currentTree ├── jsonify@0.0.0
95 silly currentTree ├─┬ jsprim@1.4.1
95 silly currentTree │ └── assert-plus@1.0.0
95 silly currentTree ├── jwa@1.1.5
95 silly currentTree ├── jws@3.1.4
95 silly currentTree ├── kareem@1.5.0
95 silly currentTree ├── lodash.noop@3.0.1
95 silly currentTree ├── lodash@4.17.4
95 silly currentTree ├── media-typer@0.3.0
95 silly currentTree ├── merge-descriptors@1.0.1
95 silly currentTree ├── methods@1.1.2
95 silly currentTree ├── mime-db@1.29.0
95 silly currentTree ├── mime-types@2.1.16
95 silly currentTree ├── mime@1.3.4
95 silly currentTree ├── minimatch@3.0.4
95 silly currentTree ├── minimist@0.0.8
95 silly currentTree ├── mkdirp@0.5.1
95 silly currentTree ├── moment@2.18.1
95 silly currentTree ├── mongodb-core@2.1.11
95 silly currentTree ├── mongodb@2.2.27
95 silly currentTree ├─┬ mongoose@4.11.5
95 silly currentTree │ └── async@2.1.4
95 silly currentTree ├── mpath@0.3.0
95 silly currentTree ├── mpromise@0.5.5
95 silly currentTree ├─┬ mquery@2.3.1
95 silly currentTree │ └── sliced@0.0.5
95 silly currentTree ├── ms@2.0.0
95 silly currentTree ├── multer@1.3.0
95 silly currentTree ├── muri@1.2.2
95 silly currentTree ├── negotiator@0.6.1
95 silly currentTree ├── ng-dialog@1.4.0
95 silly currentTree ├── node-forge@0.7.1
95 silly currentTree ├── oauth-sign@0.8.2
95 silly currentTree ├── object-assign@3.0.0
95 silly currentTree ├── on-finished@2.3.0
95 silly currentTree ├── on-headers@1.0.1
95 silly currentTree ├── once@1.4.0
95 silly currentTree ├── parseurl@1.3.1
95 silly currentTree ├── path-is-absolute@1.0.1
95 silly currentTree ├── path-to-regexp@0.1.7
95 silly currentTree ├── performance-now@0.2.0
95 silly currentTree ├── process-nextick-args@1.0.7
95 silly currentTree ├── proxy-addr@1.1.5
95 silly currentTree ├── punycode@1.4.1
95 silly currentTree ├── qs@6.4.0
95 silly currentTree ├── random-bytes@1.0.0
95 silly currentTree ├── range-parser@1.2.0
95 silly currentTree ├── raw-body@2.2.0
95 silly currentTree ├── readable-stream@2.2.7
95 silly currentTree ├── regexp-clone@0.0.1
95 silly currentTree ├── request@2.81.0
95 silly currentTree ├── require_optional@1.0.1
95 silly currentTree ├── resolve-from@2.0.0
95 silly currentTree ├── safe-buffer@5.1.1
95 silly currentTree ├── semver@5.4.1
95 silly currentTree ├─┬ send@0.15.3
95 silly currentTree │ └── debug@2.6.7
95 silly currentTree ├── serve-static@1.12.3
95 silly currentTree ├── setprototypeof@1.0.3
95 silly currentTree ├── shelljs@0.3.0
95 silly currentTree ├── sliced@1.0.1
95 silly currentTree ├── sntp@1.0.9
95 silly currentTree ├─┬ sshpk@1.13.1
95 silly currentTree │ └── assert-plus@1.0.0
95 silly currentTree ├── statuses@1.3.1
95 silly currentTree ├── streamsearch@0.1.2
95 silly currentTree ├── string_decoder@1.0.3
95 silly currentTree ├── string-template@1.0.0
95 silly currentTree ├── stringstream@0.0.5
95 silly currentTree ├── strip-json-comments@1.0.4
95 silly currentTree ├── tough-cookie@2.3.2
95 silly currentTree ├── tunnel-agent@0.6.0
95 silly currentTree ├── tweetnacl@0.14.5
95 silly currentTree ├── type-is@1.6.15
95 silly currentTree ├── typedarray@0.0.6
95 silly currentTree ├── uid-safe@2.1.4
95 silly currentTree ├── unpipe@1.0.0
95 silly currentTree ├── util-deprecate@1.0.2
95 silly currentTree ├── utils-merge@1.0.0
95 silly currentTree ├── uuid@3.1.0
95 silly currentTree ├── vary@1.1.1
95 silly currentTree ├─┬ verror@1.10.0
95 silly currentTree │ └── assert-plus@1.0.0
95 silly currentTree ├── wrappy@1.0.2
95 silly currentTree └── xtend@4.0.1
96 silly idealTree downToMeetUp@1.0.0
96 silly idealTree ├── accepts@1.3.3
96 silly idealTree ├── ajv@4.11.8
96 silly idealTree ├── angular-animate@1.6.5
96 silly idealTree ├── angular-aria@1.6.5
96 silly idealTree ├── angular-material@1.1.4
96 silly idealTree ├── angular-messages@1.6.5
96 silly idealTree ├── angular-mocks@1.6.5
96 silly idealTree ├── angular-resource@1.6.5
96 silly idealTree ├── angular-route@1.6.5
96 silly idealTree ├── angular-sanitize@1.6.5
96 silly idealTree ├── angular@1.6.5
96 silly idealTree ├── append-field@0.1.0
96 silly idealTree ├── array-flatten@1.1.1
96 silly idealTree ├── asn1@0.2.3
96 silly idealTree ├── assert-plus@0.2.0
96 silly idealTree ├── async@1.5.2
96 silly idealTree ├── asynckit@0.4.0
96 silly idealTree ├── aws-sign2@0.6.0
96 silly idealTree ├── aws4@1.6.0
96 silly idealTree ├── balanced-match@1.0.0
96 silly idealTree ├── base64url@2.0.0
96 silly idealTree ├── bcrypt-pbkdf@1.0.1
96 silly idealTree ├── bluebird@2.10.2
96 silly idealTree ├─┬ body-parser@1.17.2
96 silly idealTree │ └── debug@2.6.7
96 silly idealTree ├── boom@2.10.1
96 silly idealTree ├── brace-expansion@1.1.8
96 silly idealTree ├── bson@1.0.4
96 silly idealTree ├── buffer-equal-constant-time@1.0.1
96 silly idealTree ├── buffer-shims@1.0.0
96 silly idealTree ├─┬ busboy@0.2.14
96 silly idealTree │ ├── isarray@0.0.1
96 silly idealTree │ ├── readable-stream@1.1.14
96 silly idealTree │ └── string_decoder@0.10.31
96 silly idealTree ├── bytes@2.4.0
96 silly idealTree ├── caseless@0.12.0
96 silly idealTree ├── cli@1.0.1
96 silly idealTree ├── co@4.6.0
96 silly idealTree ├── combined-stream@1.0.5
96 silly idealTree ├── concat-map@0.0.1
96 silly idealTree ├── concat-stream@1.6.0
96 silly idealTree ├── console-browserify@1.1.0
96 silly idealTree ├── content-disposition@0.5.2
96 silly idealTree ├── content-type@1.0.2
96 silly idealTree ├── cookie-signature@1.0.6
96 silly idealTree ├── cookie@0.3.1
96 silly idealTree ├── core-util-is@1.0.2
96 silly idealTree ├── crc@3.4.4
96 silly idealTree ├── cryptiles@2.0.5
96 silly idealTree ├─┬ dashdash@1.14.1
96 silly idealTree │ └── assert-plus@1.0.0
96 silly idealTree ├── date-now@0.1.4
96 silly idealTree ├── debug@2.6.8
96 silly idealTree ├── delayed-stream@1.0.0
96 silly idealTree ├── depd@1.1.1
96 silly idealTree ├── destroy@1.0.4
96 silly idealTree ├─┬ dicer@0.2.5
96 silly idealTree │ ├── isarray@0.0.1
96 silly idealTree │ ├── readable-stream@1.1.14
96 silly idealTree │ └── string_decoder@0.10.31
96 silly idealTree ├─┬ dom-serializer@0.1.0
96 silly idealTree │ ├── domelementtype@1.1.3
96 silly idealTree │ └── entities@1.1.1
96 silly idealTree ├── domelementtype@1.3.0
96 silly idealTree ├── domhandler@2.3.0
96 silly idealTree ├── domutils@1.5.1
96 silly idealTree ├── ecc-jsbn@0.1.1
96 silly idealTree ├── ecdsa-sig-formatter@1.0.9
96 silly idealTree ├── ee-first@1.1.1
96 silly idealTree ├── encodeurl@1.0.1
96 silly idealTree ├── entities@1.0.0
96 silly idealTree ├── es6-promise@3.2.1
96 silly idealTree ├── escape-html@1.0.3
96 silly idealTree ├── etag@1.8.0
96 silly idealTree ├── exit@0.1.2
96 silly idealTree ├── express-session@1.15.4
96 silly idealTree ├─┬ express@4.15.3
96 silly idealTree │ └── debug@2.6.7
96 silly idealTree ├── extend@3.0.1
96 silly idealTree ├── extsprintf@1.3.0
96 silly idealTree ├── faker@3.1.0
96 silly idealTree ├─┬ finalhandler@1.0.3
96 silly idealTree │ └── debug@2.6.7
96 silly idealTree ├── forever-agent@0.6.1
96 silly idealTree ├── form-data@2.1.4
96 silly idealTree ├── forwarded@0.1.0
96 silly idealTree ├── fresh@0.5.0
96 silly idealTree ├── fs.realpath@1.0.0
96 silly idealTree ├── fullcalendar-scheduler@1.6.2
96 silly idealTree ├── fullcalendar@3.4.0
96 silly idealTree ├─┬ getpass@0.1.7
96 silly idealTree │ └── assert-plus@1.0.0
96 silly idealTree ├── glob@7.1.2
96 silly idealTree ├── google-auth-library@0.10.0
96 silly idealTree ├── google-p12-pem@0.1.2
96 silly idealTree ├─┬ googleapis@20.1.0
96 silly idealTree │ └── async@2.3.0
96 silly idealTree ├── gtoken@1.2.2
96 silly idealTree ├── har-schema@1.0.5
96 silly idealTree ├── har-validator@4.2.1
96 silly idealTree ├── hawk@3.1.3
96 silly idealTree ├── hoek@2.16.3
96 silly idealTree ├── hooks-fixed@2.0.0
96 silly idealTree ├─┬ htmlparser2@3.8.3
96 silly idealTree │ ├── isarray@0.0.1
96 silly idealTree │ ├── readable-stream@1.1.14
96 silly idealTree │ └── string_decoder@0.10.31
96 silly idealTree ├─┬ http-errors@1.6.1
96 silly idealTree │ └── depd@1.1.0
96 silly idealTree ├── http-signature@1.1.1
96 silly idealTree ├── iconv-lite@0.4.15
96 silly idealTree ├── inflight@1.0.6
96 silly idealTree ├── inherits@2.0.3
96 silly idealTree ├── ipaddr.js@1.4.0
96 silly idealTree ├── is-typedarray@1.0.0
96 silly idealTree ├── isarray@1.0.0
96 silly idealTree ├── isstream@0.1.2
96 silly idealTree ├── jquery@3.2.1
96 silly idealTree ├── jsbn@0.1.1
96 silly idealTree ├─┬ jshint@2.9.5
96 silly idealTree │ └── lodash@3.7.0
96 silly idealTree ├── json-schema@0.2.3
96 silly idealTree ├── json-stable-stringify@1.0.1
96 silly idealTree ├── json-stringify-safe@5.0.1
96 silly idealTree ├── jsonify@0.0.0
96 silly idealTree ├─┬ jsprim@1.4.1
96 silly idealTree │ └── assert-plus@1.0.0
96 silly idealTree ├── jwa@1.1.5
96 silly idealTree ├── jws@3.1.4
96 silly idealTree ├── kareem@1.5.0
96 silly idealTree ├── lodash.noop@3.0.1
96 silly idealTree ├── lodash@4.17.4
96 silly idealTree ├── media-typer@0.3.0
96 silly idealTree ├── merge-descriptors@1.0.1
96 silly idealTree ├── methods@1.1.2
96 silly idealTree ├── mime-db@1.29.0
96 silly idealTree ├── mime-types@2.1.16
96 silly idealTree ├── mime@1.3.4
96 silly idealTree ├── minimatch@3.0.4
96 silly idealTree ├── minimist@0.0.8
96 silly idealTree ├── mkdirp@0.5.1
96 silly idealTree ├── moment@2.18.1
96 silly idealTree ├── mongodb-core@2.1.11
96 silly idealTree ├── mongodb@2.2.27
96 silly idealTree ├─┬ mongoose@4.11.5
96 silly idealTree │ └── async@2.1.4
96 silly idealTree ├── mpath@0.3.0
96 silly idealTree ├── mpromise@0.5.5
96 silly idealTree ├─┬ mquery@2.3.1
96 silly idealTree │ └── sliced@0.0.5
96 silly idealTree ├── ms@2.0.0
96 silly idealTree ├── multer@1.3.0
96 silly idealTree ├── muri@1.2.2
96 silly idealTree ├── negotiator@0.6.1
96 silly idealTree ├── ng-dialog@1.4.0
96 silly idealTree ├── node-forge@0.7.1
96 silly idealTree ├── oauth-sign@0.8.2
96 silly idealTree ├── object-assign@3.0.0
96 silly idealTree ├── on-finished@2.3.0
96 silly idealTree ├── on-headers@1.0.1
96 silly idealTree ├── once@1.4.0
96 silly idealTree ├── parseurl@1.3.1
96 silly idealTree ├── path-is-absolute@1.0.1
96 silly idealTree ├── path-to-regexp@0.1.7
96 silly idealTree ├── performance-now@0.2.0
96 silly idealTree ├── process-nextick-args@1.0.7
96 silly idealTree ├── proxy-addr@1.1.5
96 silly idealTree ├── punycode@1.4.1
96 silly idealTree ├── qs@6.4.0
96 silly idealTree ├── random-bytes@1.0.0
96 silly idealTree ├── range-parser@1.2.0
96 silly idealTree ├── raw-body@2.2.0
96 silly idealTree ├── readable-stream@2.2.7
96 silly idealTree ├── regexp-clone@0.0.1
96 silly idealTree ├── request@2.81.0
96 silly idealTree ├── require_optional@1.0.1
96 silly idealTree ├── resolve-from@2.0.0
96 silly idealTree ├── safe-buffer@5.1.1
96 silly idealTree ├── semver@5.4.1
96 silly idealTree ├─┬ send@0.15.3
96 silly idealTree │ └── debug@2.6.7
96 silly idealTree ├── serve-static@1.12.3
96 silly idealTree ├── setprototypeof@1.0.3
96 silly idealTree ├── shelljs@0.3.0
96 silly idealTree ├── sliced@1.0.1
96 silly idealTree ├── sntp@1.0.9
96 silly idealTree ├─┬ sshpk@1.13.1
96 silly idealTree │ └── assert-plus@1.0.0
96 silly idealTree ├── statuses@1.3.1
96 silly idealTree ├── streamsearch@0.1.2
96 silly idealTree ├── string_decoder@1.0.3
96 silly idealTree ├── string-template@1.0.0
96 silly idealTree ├── stringstream@0.0.5
96 silly idealTree ├── strip-json-comments@1.0.4
96 silly idealTree ├── tough-cookie@2.3.2
96 silly idealTree ├── tunnel-agent@0.6.0
96 silly idealTree ├── tweetnacl@0.14.5
96 silly idealTree ├── type-is@1.6.15
96 silly idealTree ├── typedarray@0.0.6
96 silly idealTree ├── uid-safe@2.1.4
96 silly idealTree ├── unpipe@1.0.0
96 silly idealTree ├── util-deprecate@1.0.2
96 silly idealTree ├── utils-merge@1.0.0
96 silly idealTree ├── uuid@3.1.0
96 silly idealTree ├── vary@1.1.1
96 silly idealTree ├─┬ verror@1.10.0
96 silly idealTree │ └── assert-plus@1.0.0
96 silly idealTree ├── wrappy@1.0.2
96 silly idealTree └── xtend@4.0.1
97 silly generateActionsToTake Starting
98 silly install generateActionsToTake
99 silly generateActionsToTake Finishing
100 silly diffTrees action count 4
101 silly diffTrees update fullcalendar-scheduler@1.6.2
102 silly diffTrees update googleapis@20.1.0
103 silly diffTrees update jshint@2.9.5
104 silly diffTrees update ng-dialog@1.4.0
105 silly decomposeActions action count 32
106 silly decomposeActions fetch fullcalendar-scheduler@1.6.2
107 silly decomposeActions extract fullcalendar-scheduler@1.6.2
108 silly decomposeActions test fullcalendar-scheduler@1.6.2
109 silly decomposeActions preinstall fullcalendar-scheduler@1.6.2
110 silly decomposeActions build fullcalendar-scheduler@1.6.2
111 silly decomposeActions install fullcalendar-scheduler@1.6.2
112 silly decomposeActions postinstall fullcalendar-scheduler@1.6.2
113 silly decomposeActions finalize fullcalendar-scheduler@1.6.2
114 silly decomposeActions fetch googleapis@20.1.0
115 silly decomposeActions extract googleapis@20.1.0
116 silly decomposeActions test googleapis@20.1.0
117 silly decomposeActions preinstall googleapis@20.1.0
118 silly decomposeActions build googleapis@20.1.0
119 silly decomposeActions install googleapis@20.1.0
120 silly decomposeActions postinstall googleapis@20.1.0
121 silly decomposeActions finalize googleapis@20.1.0
122 silly decomposeActions fetch jshint@2.9.5
123 silly decomposeActions extract jshint@2.9.5
124 silly decomposeActions test jshint@2.9.5
125 silly decomposeActions preinstall jshint@2.9.5
126 silly decomposeActions build jshint@2.9.5
127 silly decomposeActions install jshint@2.9.5
128 silly decomposeActions postinstall jshint@2.9.5
129 silly decomposeActions finalize jshint@2.9.5
130 silly decomposeActions fetch ng-dialog@1.4.0
131 silly decomposeActions extract ng-dialog@1.4.0
132 silly decomposeActions test ng-dialog@1.4.0
133 silly decomposeActions preinstall ng-dialog@1.4.0
134 silly decomposeActions build ng-dialog@1.4.0
135 silly decomposeActions install ng-dialog@1.4.0
136 silly decomposeActions postinstall ng-dialog@1.4.0
137 silly decomposeActions finalize ng-dialog@1.4.0
138 silly executeActions Starting
139 silly install executeActions
140 silly doSerial global-install 0
141 silly doParallel fetch 4
142 verbose lock using C:\Users\Janel\AppData\Roaming\npm-cache\_locks\staging-cb20415c8f04864a.lock for C:\Users\Janel\workspace\DownToMeetUp\node_modules\.staging
143 verbose unlock done using C:\Users\Janel\AppData\Roaming\npm-cache\_locks\staging-cb20415c8f04864a.lock for C:\Users\Janel\workspace\DownToMeetUp\node_modules\.staging
144 silly rollbackFailedOptional Starting
145 silly rollbackFailedOptional Finishing
146 silly runTopLevelLifecycles Starting
147 silly runTopLevelLifecycles Finishing
148 silly install printInstalled
149 warn downToMeetUp@1.0.0 No repository field.
150 verbose stack Error: EPERM: operation not permitted, unlink 'C:\Users\Janel\workspace\DownToMeetUp\node_modules\.staging\jshint-c8455d93\CHANGELOG.md'
150 verbose stack     at Error (native)
151 verbose cwd C:\Users\Janel\workspace\DownToMeetUp
152 error Windows_NT 10.0.15063
153 error argv "C:\\Program Files\\nodejs\\node.exe" "C:\\Users\\Janel\\AppData\\Roaming\\npm\\node_modules\\npm\\bin\\npm-cli.js" "install"
154 error node v6.9.1
155 error npm  v3.5.2
156 error path C:\Users\Janel\workspace\DownToMeetUp\node_modules\.staging\jshint-c8455d93\CHANGELOG.md
157 error code EPERM
158 error errno -4048
159 error syscall unlink
160 error Error: EPERM: operation not permitted, unlink 'C:\Users\Janel\workspace\DownToMeetUp\node_modules\.staging\jshint-c8455d93\CHANGELOG.md'
160 error     at Error (native)
160 error  { Error: EPERM: operation not permitted, unlink 'C:\Users\Janel\workspace\DownToMeetUp\node_modules\.staging\jshint-c8455d93\CHANGELOG.md'
160 error     at Error (native)
160 error   errno: -4048,
160 error   code: 'EPERM',
160 error   syscall: 'unlink',
160 error   path: 'C:\\Users\\Janel\\workspace\\DownToMeetUp\\node_modules\\.staging\\jshint-c8455d93\\CHANGELOG.md' }
161 error Please try running this command again as root/Administrator.
162 verbose exit [ -4048, true ]
